<?xml version="1.0" encoding="UTF-8"?>
<!-- Generated by org.testng.reporters.JUnitReportReporter -->
<testsuite hostname="TVMA-LAPW0049" failures="0" tests="1" name="testCases.TC001_RegisterUser" time="13.720" errors="0" timestamp="2024-07-08T13:10:22 IST" skipped="0">
  <testcase classname="testCases.TC001_RegisterUser" name="verifyUserRegistration" time="13.720"/>
</testsuite> <!-- testCases.TC001_RegisterUser -->
